<?xml version="1.0" encoding="UTF-8"?>
<!-- Generated by org.testng.reporters.JUnitXMLReporter -->
<testsuite ignored="0" hostname="LAPTOP-72CGLFOI" failures="1" tests="4" name="Test" time="110.398" errors="0" timestamp="2020-03-30T12:17:11 IST">
  <testcase classname="cts.miniproject.test.DdExcelWordpressLogin" name="loginToWordpress" time="20.182"/>
  <testcase classname="cts.miniproject.test.DdExcelWordpressLogin" name="loginToWordpress" time="15.563">
    <failure type="java.lang.AssertionError" message="expected [http://demosite.center/wordpress/wp-login.php] but found [http://demosite.center/wordpress/wp-admin/]">
      <![CDATA[java.lang.AssertionError: expected [http://demosite.center/wordpress/wp-login.php] but found [http://demosite.center/wordpress/wp-admin/]
at cts.miniproject.test.DdExcelWordpressLogin.loginToWordpress(DdExcelWordpressLogin.java:30)
at java.base/java.util.ArrayList.forEach(ArrayList.java:1510)
... Removed 32 stack frames]]>
    </failure>
  </testcase> <!-- loginToWordpress -->
  <testcase classname="cts.miniproject.test.DdExcelWordpressLogin" name="loginToWordpress" time="26.839"/>
  <testcase classname="cts.miniproject.test.DdExcelWordpressLogin" name="loginToWordpress" time="39.366"/>
</testsuite> <!-- Test -->
